#! /usr/bin/vvp
:ivl_version "10.1 (stable)";
:ivl_delay_selection "TYPICAL";
:vpi_time_precision + 0;
:vpi_module "system";
:vpi_module "vhdl_sys";
:vpi_module "v2005_math";
:vpi_module "va_math";
S_0x5616d43f3140 .scope module, "PWM" "PWM" 2 2;
 .timescale 0 0;
    .port_info 0 /INPUT 1 "clk"
    .port_info 1 /OUTPUT 1 "signal"
v0x5616d43f32e0_0 .net *"_s0", 31 0, L_0x5616d4413b90;  1 drivers
L_0x7f213439a0f0 .functor BUFT 1, C4<00>, C4<0>, C4<0>, C4<0>;
v0x5616d4413380_0 .net/2s *"_s10", 1 0, L_0x7f213439a0f0;  1 drivers
v0x5616d4413460_0 .net *"_s12", 1 0, L_0x5616d4423e70;  1 drivers
L_0x7f213439a018 .functor BUFT 1, C4<000000000000000000000000>, C4<0>, C4<0>, C4<0>;
v0x5616d4413520_0 .net *"_s3", 23 0, L_0x7f213439a018;  1 drivers
L_0x7f213439a060 .functor BUFT 1, C4<00000000000000000000000000010100>, C4<0>, C4<0>, C4<0>;
v0x5616d4413600_0 .net/2u *"_s4", 31 0, L_0x7f213439a060;  1 drivers
v0x5616d4413730_0 .net *"_s6", 0 0, L_0x5616d4423cd0;  1 drivers
L_0x7f213439a0a8 .functor BUFT 1, C4<01>, C4<0>, C4<0>, C4<0>;
v0x5616d44137f0_0 .net/2s *"_s8", 1 0, L_0x7f213439a0a8;  1 drivers
o0x7f21343e3168 .functor BUFZ 1, C4<z>; HiZ drive
v0x5616d44138d0_0 .net "clk", 0 0, o0x7f21343e3168;  0 drivers
v0x5616d4413990_0 .var "counter", 7 0;
v0x5616d4413a70_0 .net "signal", 0 0, L_0x5616d4424030;  1 drivers
E_0x5616d43bad50 .event posedge, v0x5616d44138d0_0;
L_0x5616d4413b90 .concat [ 8 24 0 0], v0x5616d4413990_0, L_0x7f213439a018;
L_0x5616d4423cd0 .cmp/gt 32, L_0x7f213439a060, L_0x5616d4413b90;
L_0x5616d4423e70 .functor MUXZ 2, L_0x7f213439a0f0, L_0x7f213439a0a8, L_0x5616d4423cd0, C4<>;
L_0x5616d4424030 .part L_0x5616d4423e70, 0, 1;
    .scope S_0x5616d43f3140;
T_0 ;
    %pushi/vec4 0, 0, 8;
    %store/vec4 v0x5616d4413990_0, 0, 8;
    %end;
    .thread T_0;
    .scope S_0x5616d43f3140;
T_1 ;
    %wait E_0x5616d43bad50;
    %pushi/vec4 100, 0, 32;
    %load/vec4 v0x5616d4413990_0;
    %pad/u 32;
    %cmp/u;
    %jmp/0xz  T_1.0, 5;
    %load/vec4 v0x5616d4413990_0;
    %addi 1, 0, 8;
    %assign/vec4 v0x5616d4413990_0, 0;
    %jmp T_1.1;
T_1.0 ;
    %pushi/vec4 0, 0, 8;
    %store/vec4 v0x5616d4413990_0, 0, 8;
T_1.1 ;
    %jmp T_1;
    .thread T_1;
# The file index is used to find the file name in the following table.
:file_names 3;
    "N/A";
    "<interactive>";
    "PWM.v";
